<?xml version="1.0" encoding="UTF-8" ?>

<testsuite failures="0" time="0.286" errors="0" skipped="0" tests="3" name="AccountTest">
  <testcase classname="AccountTest" name="testDeleteAll" time="0.212">
      </testcase>
  <testcase classname="AccountTest" name="testFindAll" time="0.035">
      </testcase>
  <testcase classname="AccountTest" name="testUnique" time="0.039">
      </testcase>
</testsuite>
